#Packing pin usage report
Type: PB-LOGIC
	Input Pin Usage:
		Max: 20.00 (0.87)
		Avg: 17.10 (0.74)
		Min: 7.00 (0.30)
		Histogram:
		[        0:      2.3)  0 (  0.0%) |
		[      2.3:      4.6)  0 (  0.0%) |
		[      4.6:      6.9)  0 (  0.0%) |
		[      6.9:      9.2)  2 (  3.8%) |***
		[      9.2:       12)  0 (  0.0%) |
		[       12:       14) 13 ( 25.0%) |*****************
		[       14:       16)  0 (  0.0%) |
		[       16:       18)  0 (  0.0%) |
		[       18:       21) 37 ( 71.2%) |************************************************
		[       21:       23)  0 (  0.0%) |
	Output Pin Usage:
		Max: 2.00 (0.50)
		Avg: 1.71 (0.43)
		Min: 1.00 (0.25)
		Histogram:
		[        0:      0.4)  0 (  0.0%) |
		[      0.4:      0.8)  0 (  0.0%) |
		[      0.8:      1.2) 15 ( 28.8%) |*******************
		[      1.2:      1.6)  0 (  0.0%) |
		[      1.6:        2) 37 ( 71.2%) |************************************************
		[        2:      2.4)  0 (  0.0%) |
		[      2.4:      2.8)  0 (  0.0%) |
		[      2.8:      3.2)  0 (  0.0%) |
		[      3.2:      3.6)  0 (  0.0%) |
		[      3.6:        4)  0 (  0.0%) |

Type: PB-SYN_VCC
	Input Pin Usage:
		Max: 0.00 (nan)
		Avg: 0.00 (nan)
		Min: 0.00 (nan)
	Output Pin Usage:
		Max: 1.00 (1.00)
		Avg: 1.00 (1.00)
		Min: 1.00 (1.00)
		Histogram:
		[        0:      0.1) 0 (  0.0%) |
		[      0.1:      0.2) 0 (  0.0%) |
		[      0.2:      0.3) 0 (  0.0%) |
		[      0.3:      0.4) 0 (  0.0%) |
		[      0.4:      0.5) 0 (  0.0%) |
		[      0.5:      0.6) 0 (  0.0%) |
		[      0.6:      0.7) 0 (  0.0%) |
		[      0.7:      0.8) 0 (  0.0%) |
		[      0.8:      0.9) 0 (  0.0%) |
		[      0.9:        1) 1 (100.0%) |**************************************************

Type: PB-BIDIR
	Input Pin Usage:
		Max: 3.00 (0.38)
		Avg: 2.94 (0.37)
		Min: 2.00 (0.25)
		Histogram:
		[        0:      0.8)  0 (  0.0%) |
		[      0.8:      1.6)  0 (  0.0%) |
		[      1.6:      2.4)  1 (  5.6%) |***
		[      2.4:      3.2) 17 ( 94.4%) |************************************************
		[      3.2:        4)  0 (  0.0%) |
		[        4:      4.8)  0 (  0.0%) |
		[      4.8:      5.6)  0 (  0.0%) |
		[      5.6:      6.4)  0 (  0.0%) |
		[      6.4:      7.2)  0 (  0.0%) |
		[      7.2:        8)  0 (  0.0%) |
	Output Pin Usage:
		Max: 1.00 (0.50)
		Avg: 0.06 (0.03)
		Min: 0.00 (0.00)
		Histogram:
		[        0:      0.2) 17 ( 94.4%) |************************************************
		[      0.2:      0.4)  0 (  0.0%) |
		[      0.4:      0.6)  0 (  0.0%) |
		[      0.6:      0.8)  0 (  0.0%) |
		[      0.8:        1)  1 (  5.6%) |***
		[        1:      1.2)  0 (  0.0%) |
		[      1.2:      1.4)  0 (  0.0%) |
		[      1.4:      1.6)  0 (  0.0%) |
		[      1.6:      1.8)  0 (  0.0%) |
		[      1.8:        2)  0 (  0.0%) |

Type: PB-SYN_GND
	Input Pin Usage:
		Max: 0.00 (nan)
		Avg: 0.00 (nan)
		Min: 0.00 (nan)
	Output Pin Usage:
		Max: 1.00 (1.00)
		Avg: 1.00 (1.00)
		Min: 1.00 (1.00)
		Histogram:
		[        0:      0.1) 0 (  0.0%) |
		[      0.1:      0.2) 0 (  0.0%) |
		[      0.2:      0.3) 0 (  0.0%) |
		[      0.3:      0.4) 0 (  0.0%) |
		[      0.4:      0.5) 0 (  0.0%) |
		[      0.5:      0.6) 0 (  0.0%) |
		[      0.6:      0.7) 0 (  0.0%) |
		[      0.7:      0.8) 0 (  0.0%) |
		[      0.8:      0.9) 0 (  0.0%) |
		[      0.9:        1) 1 (100.0%) |**************************************************

Type: PB-ASSP
	Input Pin Usage:
		Max: 161.00 (1.00)
		Avg: 161.00 (1.00)
		Min: 161.00 (1.00)
		Histogram:
		[        0:       16) 0 (  0.0%) |
		[       16:       32) 0 (  0.0%) |
		[       32:       48) 0 (  0.0%) |
		[       48:       64) 0 (  0.0%) |
		[       64:       80) 0 (  0.0%) |
		[       80:       97) 0 (  0.0%) |
		[       97:  1.1e+02) 0 (  0.0%) |
		[  1.1e+02:  1.3e+02) 0 (  0.0%) |
		[  1.3e+02:  1.4e+02) 0 (  0.0%) |
		[  1.4e+02:  1.6e+02) 1 (100.0%) |**************************************************
	Output Pin Usage:
		Max: 1.00 (0.01)
		Avg: 1.00 (0.01)
		Min: 1.00 (0.01)
		Histogram:
		[        0:       14) 1 (100.0%) |**************************************************
		[       14:       28) 0 (  0.0%) |
		[       28:       42) 0 (  0.0%) |
		[       42:       56) 0 (  0.0%) |
		[       56:       70) 0 (  0.0%) |
		[       70:       85) 0 (  0.0%) |
		[       85:       99) 0 (  0.0%) |
		[       99:  1.1e+02) 0 (  0.0%) |
		[  1.1e+02:  1.3e+02) 0 (  0.0%) |
		[  1.3e+02:  1.4e+02) 0 (  0.0%) |

