VPR FPGA Placement and Routing.
Version: 8.1.0-dev+dadca7ecf
Revision: v8.0.0-rc2-2909-gdadca7ecf
Compiled: 2023-06-27T06:19:09
Compiler: GNU 10.2.1 on Linux-6.2.1-PRoot-Distro aarch64
Build Info: release IPO VTR_ASSERT_LEVEL=2

University of Toronto
verilogtorouting.org
vtr-users@googlegroups.com
This is free open source code under MIT license.

VPR was run with the following command-line:
vpr /data/data/com.termux/files/home/symbiflow/quicklogic-arch-defs/share/arch/ql-eos-s3_wlcsp/arch.timing.xml helloworldfpga.eblif --device ql-eos-s3 --max_router_iterations 500 --routing_failure_predictor off --router_high_fanout_threshold -1 --constant_net_method route --route_chan_width 100 --clock_modeling route --place_delay_model delta_override --router_lookahead map --check_route quick --strict_checks off --allow_dangling_combinational_nodes on --disable_errors check_unbuffered_edges:check_route --congested_routing_iteration_threshold 0.8 --incremental_reroute_delay_ripup off --base_cost_type delay_normalized_length_bounded --bb_factor 10 --initial_pres_fac 4.0 --check_rr_graph off --suppress_warnings ,sum_pin_class:check_unbuffered_edges:load_rr_indexed_data_T_values:check_rr_node:trans_per_R:check_route:set_rr_graph_tool_comment:warn_model_missing_timing --read_rr_graph /data/data/com.termux/files/home/symbiflow/quicklogic-arch-defs/share/arch/ql-eos-s3_wlcsp/rr_graph_ql-eos-s3_wlcsp.rr_graph.real.bin --read_placement_delay_lookup /data/data/com.termux/files/home/symbiflow/quicklogic-arch-defs/share/arch/ql-eos-s3_wlcsp/rr_graph_ql-eos-s3_wlcsp.place_delay.bin --sdc_file /data/data/com.termux/files/home/fpga-examples/blink/build/helloworldfpga_dummy.sdc --fix_clusters helloworldfpga_constraints.place --place


Architecture file: /data/data/com.termux/files/home/symbiflow/quicklogic-arch-defs/share/arch/ql-eos-s3_wlcsp/arch.timing.xml
Circuit name: helloworldfpga

# Loading Architecture Description
# Loading Architecture Description took 0.85 seconds (max_rss 27.8 MiB, delta_rss +24.0 MiB)
# Building complex block graph
# Building complex block graph took 0.25 seconds (max_rss 34.6 MiB, delta_rss +6.8 MiB)
# Load circuit
# Load circuit took 0.03 seconds (max_rss 35.9 MiB, delta_rss +1.3 MiB)
# Clean circuit
Absorbed 906 LUT buffers
Inferred  106 additional primitive pins as constant generators since they have no combinationally connected inputs
Inferred   40 additional primitive pins as constant generators due to constant inputs
Inferred    0 additional primitive pins as constant generators since they have no combinationally connected inputs
Inferred    0 additional primitive pins as constant generators due to constant inputs
Inferred    0 additional primitive pins as constant generators since they have no combinationally connected inputs
Inferred    0 additional primitive pins as constant generators due to constant inputs
Swept input(s)      : 0
Swept output(s)     : 0 (0 dangling, 0 constant)
Swept net(s)        : 141
Swept block(s)      : 1
Constant Pins Marked: 146
# Clean circuit took 0.02 seconds (max_rss 36.4 MiB, delta_rss +0.5 MiB)
# Compress circuit
# Compress circuit took 0.00 seconds (max_rss 36.4 MiB, delta_rss +0.0 MiB)
# Verify circuit
# Verify circuit took 0.00 seconds (max_rss 36.4 MiB, delta_rss +0.0 MiB)
Circuit Statistics:
  Blocks: 164
    .input    :       1
    .output   :      17
    ASSP      :       1
    BIDIR_CELL:      18
    C_FRAG    :      14
    GND       :       1
    Q_FRAG    :      41
    T_FRAG    :      70
    VCC       :       1
  Nets  : 147
    Avg Fanout:     8.1
    Max Fanout:   529.0
    Min Fanout:     1.0
  Netlist Clocks: 1
# Build Timing Graph
  Timing Graph Nodes: 1338
  Timing Graph Edges: 2104
  Timing Graph Levels: 22
# Build Timing Graph took 0.00 seconds (max_rss 36.4 MiB, delta_rss +0.0 MiB)
Netlist contains 1 clocks
  Netlist Clock 'clk' Fanout: 41 pins (3.1%), 41 blocks (25.0%)
# Load Timing Constraints

SDC file '/data/data/com.termux/files/home/fpga-examples/blink/build/helloworldfpga_dummy.sdc' contained no SDC commands
Setting default timing constraints:
   * constrain all primay inputs and primary outputs on netlist clock 'clk'
   * optimize netlist clock to run as fast as possible
Timing constraints created 1 clocks
  Constrained Clock 'clk' Source: 'u_qlal4s3b_cell_macro.Sys_Clk0[0]'

# Load Timing Constraints took 0.00 seconds (max_rss 36.4 MiB, delta_rss +0.0 MiB)
Timing analysis: ON
Circuit netlist file: helloworldfpga.net
Circuit placement file: helloworldfpga.place
Circuit routing file: helloworldfpga.route
Circuit SDC file: /data/data/com.termux/files/home/fpga-examples/blink/build/helloworldfpga_dummy.sdc

Packer: ENABLED
Placer: ENABLED
Router: DISABLED
Analysis: DISABLED

NetlistOpts.abosrb_buffer_luts            : true
NetlistOpts.sweep_dangling_primary_ios    : true
NetlistOpts.sweep_dangling_nets           : true
NetlistOpts.sweep_dangling_blocks         : true
NetlistOpts.sweep_constant_primary_outputs: false
NetlistOpts.netlist_verbosity             : 1
NetlistOpts.const_gen_inference           : COMB_SEQ

PackerOpts.allow_unrelated_clustering: auto
PackerOpts.alpha_clustering: 0.750000
PackerOpts.beta_clustering: 0.900000
PackerOpts.cluster_seed_type: BLEND2
PackerOpts.connection_driven: true
PackerOpts.global_clocks: true
PackerOpts.hill_climbing_flag: false
PackerOpts.inter_cluster_net_delay: 1.000000
PackerOpts.timing_driven: true
PackerOpts.target_external_pin_util: auto

PlacerOpts.place_freq: PLACE_ONCE
PlacerOpts.place_algorithm: CRITICALITY_TIMING_PLACE
PlacerOpts.pad_loc_type: FREE
PlacerOpts.constraints_file: Using constraints file 'helloworldfpga_constraints.place'
PlacerOpts.place_cost_exp: 1.000000
PlacerOpts.place_chan_width: 100
PlacerOpts.inner_loop_recompute_divider: 0
PlacerOpts.recompute_crit_iter: 1
PlacerOpts.timing_tradeoff: 0.500000
PlacerOpts.td_place_exp_first: 1.000000
PlacerOpts.td_place_exp_last: 8.000000
PlacerOpts.delay_offset: 0.000000
PlacerOpts.delay_ramp_delta_threshold: -1
PlacerOpts.delay_ramp_slope: 0.000000
PlacerOpts.tsu_rel_margin: 1.000000
PlacerOpts.tsu_abs_margin: 0.000000
PlacerOpts.post_place_timing_report_file: 
PlacerOpts.allowed_tiles_for_delay_model: 
PlacerOpts.delay_model_reducer: MIN
PlacerOpts.delay_model_type: DELTA_OVERRIDE
PlacerOpts.rlim_escape_fraction: 0.000000
PlacerOpts.move_stats_file: 
PlacerOpts.placement_saves_per_temperature: 0
PlacerOpts.effort_scaling: CIRCUIT
PlacerOpts.place_delta_delay_matrix_calculation_method: ASTAR_ROUTE
PlaceOpts.seed: 1
AnnealSched.type: AUTO_SCHED
AnnealSched.inner_num: 1.000000

RoutingArch.directionality: BI_DIRECTIONAL
RoutingArch.switch_block_type: WILTON
RoutingArch.Fs: 3

# Load Packing
Begin loading packed FPGA netlist file.
Netlist generated from file 'helloworldfpga.net'.
Detected 2 constant generators (to see names run with higher pack verbosity)
Finished loading packed FPGA netlist file (took 0.065434 seconds).
# Load Packing took 0.07 seconds (max_rss 37.7 MiB, delta_rss +1.3 MiB)
Warning 1: Netlist contains 0 global net to non-global architecture pin connections
Warning 2: Logic block #71 ($false) has only 1 output pin '$false.GND0_GND[0]'. It may be a constant generator.
Warning 3: Logic block #72 ($true) has only 1 output pin '$true.VCC0_VCC[0]'. It may be a constant generator.

Netlist num_nets: 93
Netlist num_blocks: 73
Netlist EMPTY blocks: 0.
Netlist PB-GMUX blocks: 0.
Netlist PB-LOGIC blocks: 52.
Netlist PB-CLOCK blocks: 0.
Netlist PB-MULT blocks: 0.
Netlist PB-SDIOMUX blocks: 0.
Netlist PB-RAM blocks: 0.
Netlist PB-SYN_VCC blocks: 1.
Netlist PB-BIDIR blocks: 18.
Netlist PB-SYN_GND blocks: 1.
Netlist PB-ASSP blocks: 1.
Netlist inputs pins: 1
Netlist output pins: 53


Pb types usage...
  PB-LOGIC          : 52
   LOGIC            : 52
    FRAGS           : 52
     c_frag_modes   : 50
      SINGLE        : 14
       c_frag       : 14
      SPLIT         : 36
       b_frag       : 36
       t_frag       : 34
     q_frag_modes   : 41
      INT           : 36
       q_frag       : 36
      EXT           : 5
       q_frag       : 5
  PB-SYN_VCC        : 1
   VCC              : 1
  PB-BIDIR          : 18
   BIDIR            : 18
    INPUT           : 1
     bidir          : 1
     inpad          : 1
    OUTPUT          : 17
     bidir          : 17
     outpad         : 17
  PB-SYN_GND        : 1
   GND              : 1
  PB-ASSP           : 1
   ASSP             : 1

# Create Device
## Build Device Grid
FPGA sized to 39 x 35: 1365 grid tiles (ql-eos-s3)

Resource usage...
	Netlist
		0	blocks of type: PB-GMUX
	Architecture
		5	blocks of type: TL-GMUX
	Netlist
		52	blocks of type: PB-LOGIC
	Architecture
		891	blocks of type: TL-LOGIC
	Netlist
		0	blocks of type: PB-CLOCK
	Architecture
		5	blocks of type: TL-CLOCK
	Netlist
		0	blocks of type: PB-MULT
	Architecture
		2	blocks of type: TL-MULT
	Netlist
		0	blocks of type: PB-SDIOMUX
	Architecture
		14	blocks of type: TL-SDIOMUX
	Netlist
		0	blocks of type: PB-RAM
	Architecture
		4	blocks of type: TL-RAM
	Netlist
		1	blocks of type: PB-SYN_VCC
	Architecture
		1	blocks of type: TL-SYN_VCC
	Netlist
		18	blocks of type: PB-BIDIR
	Architecture
		32	blocks of type: TL-BIDIR
	Netlist
		1	blocks of type: PB-SYN_GND
	Architecture
		1	blocks of type: TL-SYN_GND
	Netlist
		1	blocks of type: PB-ASSP
	Architecture
		1	blocks of type: TL-ASSP

Device Utilization: 0.05 (target 1.00)
	Physical Tile TL-LOGIC:
	Block Utilization: 0.06 Logical Block: PB-LOGIC
	Physical Tile TL-RAM:
	Block Utilization: 0.00 Logical Block: PB-RAM
	Physical Tile TL-MULT:
	Block Utilization: 0.00 Logical Block: PB-MULT
	Physical Tile TL-BIDIR:
	Block Utilization: 0.56 Logical Block: PB-BIDIR
	Physical Tile TL-CLOCK:
	Block Utilization: 0.00 Logical Block: PB-CLOCK
	Physical Tile TL-SDIOMUX:
	Block Utilization: 0.00 Logical Block: PB-SDIOMUX
	Physical Tile TL-GMUX:
	Block Utilization: 0.00 Logical Block: PB-GMUX
	Physical Tile TL-ASSP:
	Block Utilization: 1.00 Logical Block: PB-ASSP
	Physical Tile TL-SYN_VCC:
	Block Utilization: 1.00 Logical Block: PB-SYN_VCC
	Physical Tile TL-SYN_GND:
	Block Utilization: 1.00 Logical Block: PB-SYN_GND

## Build Device Grid took 0.01 seconds (max_rss 37.9 MiB, delta_rss +0.0 MiB)
## Loading routing resource graph


## Loading routing resource graph took 1.20 seconds (max_rss 345.0 MiB, delta_rss +307.1 MiB)
  RR Graph Nodes: 1396446
  RR Graph Edges: 2337988
# Create Device took 5.44 seconds (max_rss 392.6 MiB, delta_rss +354.7 MiB)

# Computing router lookahead map
## Computing wire lookahead
Warning 4: Unable to find any sample location for segment CHANX type 'generic' (length 1)
Warning 5: Unable to find any sample location for segment CHANY type 'generic' (length 1)
Warning 6: Unable to find any sample location for segment CHANX type 'pad' (length 1)
Warning 7: Unable to find any sample location for segment CHANY type 'pad' (length 1)
## Computing wire lookahead took 65.65 seconds (max_rss 392.6 MiB, delta_rss +0.0 MiB)
## Computing src/opin lookahead
## Computing src/opin lookahead took 0.00 seconds (max_rss 392.6 MiB, delta_rss +0.0 MiB)
# Computing router lookahead map took 65.65 seconds (max_rss 392.6 MiB, delta_rss +0.0 MiB)
# Placement
## Computing placement delta delay look-up
  RR Graph Nodes: 1396446
  RR Graph Edges: 2337988
## Computing placement delta delay look-up took 2.98 seconds (max_rss 449.8 MiB, delta_rss +57.2 MiB)
Warning 8: CHANX place cost fac is 0 at 2 2
Warning 9: CHANX place cost fac is 0 at 34 34
Warning 10: CHANY place cost fac is 0 at 38 38
## Initial Placement
Reading helloworldfpga_constraints.place.

Successfully read helloworldfpga_constraints.place.

## Initial Placement took 0.00 seconds (max_rss 449.8 MiB, delta_rss +0.0 MiB)

There are 1103 point to point connections in this circuit.


BB estimate of min-dist (placement) wire length: 4448

Completed placement consistency check successfully.
Initial placement cost: 1 bb_cost: 6.58717 td_cost: 1.50248e-06
Initial placement estimated Critical Path Delay (CPD): 94.5485 ns
Initial placement estimated setup Total Negative Slack (sTNS): -4659.28 ns
Initial placement estimated setup Worst Negative Slack (sWNS): -94.5485 ns

Initial placement estimated setup slack histogram:
[ -9.5e-08: -8.6e-08) 23 ( 31.9%) |************************************************
[ -8.6e-08: -7.7e-08) 16 ( 22.2%) |*********************************
[ -7.7e-08: -6.8e-08)  1 (  1.4%) |**
[ -6.8e-08: -5.9e-08)  2 (  2.8%) |****
[ -5.9e-08:   -5e-08)  5 (  6.9%) |**********
[   -5e-08: -4.1e-08)  2 (  2.8%) |****
[ -4.1e-08: -3.2e-08)  7 (  9.7%) |***************
[ -3.2e-08: -2.3e-08) 12 ( 16.7%) |*************************
[ -2.3e-08: -1.5e-08)  3 (  4.2%) |******
[ -1.5e-08: -5.7e-09)  1 (  1.4%) |**
Placement contains 0 placement macros involving 0 blocks (average macro size nan)

Moves per temperature: 305
Warning 11: Starting t: 69 of 73 configurations accepted.

---- ------ ------- ------- ---------- ---------- ------- ---------- -------- ------- ------- ------ -------- --------- ------
Tnum   Time       T Av Cost Av BB Cost Av TD Cost     CPD       sTNS     sWNS Ac Rate Std Dev  R lim Crit Exp Tot Moves  Alpha
      (sec)                                          (ns)       (ns)     (ns)                                                 
---- ------ ------- ------- ---------- ---------- ------- ---------- -------- ------- ------- ------ -------- --------- ------
   1    0.0 2.6e-01   0.976       6.88 1.4517e-06  99.670  -4.72e+03  -99.670   0.925  0.0306   38.0     1.00       305  0.200
   2    0.0 2.4e-01   0.973       6.96 1.5838e-06  99.170  -5.25e+03  -99.170   0.944  0.0257   38.0     1.00       610  0.900
   3    0.0 2.1e-01   1.086       7.06 1.4947e-06 101.257  -4.93e+03 -101.257   0.928  0.0296   38.0     1.00       915  0.900
   4    0.0 1.9e-01   0.987       7.10 1.5857e-06  94.278  -4.78e+03  -94.278   0.951  0.0237   38.0     1.00      1220  0.900
   5    0.0 1.7e-01   0.997       6.96 1.5863e-06  93.320  -4.68e+03  -93.320   0.925  0.0252   38.0     1.00      1525  0.900
   6    0.0 1.5e-01   1.037       6.71 1.5458e-06  85.920  -4.21e+03  -85.920   0.931  0.0270   38.0     1.00      1830  0.900
   7    0.0 1.4e-01   0.962       7.00 1.5142e-06 107.157  -5.19e+03 -107.157   0.931  0.0255   38.0     1.00      2135  0.900
   8    0.0 1.3e-01   0.972       7.10 1.5012e-06 104.682     -5e+03 -104.682   0.954  0.0244   38.0     1.00      2440  0.900
   9    0.0 1.1e-01   0.969       6.80 1.4728e-06  97.125     -5e+03  -97.125   0.918  0.0327   38.0     1.00      2745  0.900
  10    0.0 1.0e-01   0.963       6.92 1.5172e-06  98.917  -4.61e+03  -98.917   0.938  0.0302   38.0     1.00      3050  0.900
  11    0.0 9.1e-02   1.103       7.02 1.6059e-06  84.947  -4.35e+03  -84.947   0.918  0.0459   38.0     1.00      3355  0.900
  12    0.0 8.2e-02   1.001       7.21 1.6187e-06  94.172  -4.58e+03  -94.172   0.941  0.0195   38.0     1.00      3660  0.900
  13    0.0 7.4e-02   0.968       7.01 1.515e-06  101.154  -4.96e+03 -101.154   0.928  0.0267   38.0     1.00      3965  0.900
  14    0.0 6.7e-02   0.995       6.85 1.5231e-06 101.363  -4.99e+03 -101.363   0.925  0.0420   38.0     1.00      4270  0.900
  15    0.0 6.0e-02   1.052       6.97 1.4429e-06 105.552  -5.23e+03 -105.552   0.928  0.0315   38.0     1.00      4575  0.900
  16    0.0 5.4e-02   1.042       6.95 1.489e-06   99.716  -4.81e+03  -99.716   0.911  0.0215   38.0     1.00      4880  0.900
  17    0.0 4.9e-02   0.994       7.01 1.5095e-06  94.049  -4.82e+03  -94.049   0.928  0.0232   38.0     1.00      5185  0.900
  18    0.0 4.4e-02   1.005       7.01 1.4559e-06  98.206  -4.64e+03  -98.206   0.898  0.0270   38.0     1.00      5490  0.900
  19    0.0 3.9e-02   0.997       6.72 1.4945e-06  94.472  -4.66e+03  -94.472   0.895  0.0253   38.0     1.00      5795  0.900
  20    0.0 3.5e-02   1.021       6.96 1.5e-06     96.505   -4.6e+03  -96.505   0.889  0.0140   38.0     1.00      6100  0.900
  21    0.0 3.2e-02   0.973       6.82 1.466e-06   95.231  -4.67e+03  -95.231   0.846  0.0175   38.0     1.00      6405  0.900
  22    0.0 2.9e-02   1.006       6.68 1.4855e-06  94.441  -4.72e+03  -94.441   0.872  0.0236   38.0     1.00      6710  0.900
  23    0.0 2.6e-02   1.034       6.62 1.3914e-06  89.781  -4.44e+03  -89.781   0.882  0.0185   38.0     1.00      7015  0.900
  24    0.0 2.3e-02   1.027       6.68 1.4331e-06  91.352  -4.47e+03  -91.352   0.813  0.0364   38.0     1.00      7320  0.900
  25    0.0 2.1e-02   1.007       6.54 1.4504e-06  80.505  -4.08e+03  -80.505   0.839  0.0153   38.0     1.00      7625  0.900
  26    0.0 1.9e-02   1.013       6.41 1.4327e-06  84.420  -4.23e+03  -84.420   0.849  0.0347   38.0     1.00      7930  0.900
  27    0.0 1.7e-02   1.027       6.54 1.4324e-06  91.774  -4.61e+03  -91.774   0.793  0.0186   38.0     1.00      8235  0.900
  28    0.0 1.6e-02   0.988       6.63 1.4499e-06  94.632  -4.79e+03  -94.632   0.843  0.0216   38.0     1.00      8540  0.950
  29    0.0 1.4e-02   0.982       6.63 1.3921e-06 102.724  -4.84e+03 -102.724   0.816  0.0227   38.0     1.00      8845  0.900
  30    0.0 1.3e-02   0.969       6.40 1.3586e-06  85.782  -4.38e+03  -85.782   0.780  0.0222   38.0     1.00      9150  0.900
  31    0.0 1.2e-02   0.988       6.40 1.3129e-06  94.246  -4.54e+03  -94.246   0.770  0.0201   38.0     1.00      9455  0.950
  32    0.0 1.2e-02   0.987       6.42 1.3604e-06  92.041  -4.66e+03  -92.041   0.751  0.0188   38.0     1.00      9760  0.950
  33    0.0 1.1e-02   0.982       6.16 1.2567e-06  99.304  -4.69e+03  -99.304   0.669  0.0434   38.0     1.00     10065  0.950
  34    0.0 1.1e-02   1.024       6.19 1.3683e-06  81.158  -4.07e+03  -81.158   0.689  0.0228   38.0     1.00     10370  0.950
  35    0.0 1.0e-02   0.983       6.37 1.2985e-06  95.771  -4.47e+03  -95.771   0.751  0.0137   38.0     1.00     10675  0.950
  36    0.0 9.6e-03   0.980       6.16 1.3314e-06  84.829  -4.28e+03  -84.829   0.633  0.0149   38.0     1.00     10980  0.950
  37    0.0 9.1e-03   1.018       6.10 1.3058e-06  84.025  -4.12e+03  -84.025   0.695  0.0267   38.0     1.00     11285  0.950
  38    0.0 8.6e-03   1.026       6.31 1.3374e-06  97.266  -4.68e+03  -97.266   0.692  0.0280   38.0     1.00     11590  0.950
  39    0.0 8.2e-03   0.959       6.14 1.3238e-06  92.645  -4.44e+03  -92.645   0.685  0.0232   38.0     1.00     11895  0.950
  40    0.0 7.8e-03   1.031       6.18 1.3026e-06  94.976  -4.53e+03  -94.976   0.662  0.0174   38.0     1.00     12200  0.950
  41    0.0 7.4e-03   0.979       6.29 1.2892e-06  97.825  -4.55e+03  -97.825   0.643  0.0158   38.0     1.00     12505  0.950
  42    0.0 7.0e-03   0.945       6.13 1.2794e-06  96.163  -4.43e+03  -96.163   0.639  0.0236   38.0     1.00     12810  0.950
  43    0.0 6.7e-03   0.984       5.76 1.3208e-06  83.742  -4.22e+03  -83.742   0.554  0.0131   38.0     1.00     13115  0.950
  44    0.0 6.3e-03   1.011       5.87 1.2843e-06  78.636  -3.93e+03  -78.636   0.597  0.0111   38.0     1.00     13420  0.950
  45    0.0 6.0e-03   1.020       6.09 1.3155e-06  78.215  -4.02e+03  -78.215   0.570  0.0180   38.0     1.00     13725  0.950
  46    0.0 5.7e-03   0.959       5.86 1.2152e-06  81.948  -4.08e+03  -81.948   0.544  0.0239   38.0     1.00     14030  0.950
  47    0.0 5.4e-03   1.026       5.72 1.2583e-06  77.759  -3.93e+03  -77.759   0.561  0.0181   38.0     1.00     14335  0.950
  48    0.0 5.2e-03   0.970       5.50 1.1997e-06  82.538  -4.08e+03  -82.538   0.525  0.0161   38.0     1.00     14640  0.950
  49    0.0 4.9e-03   0.980       5.51 1.1958e-06  79.935   -4.1e+03  -79.935   0.495  0.0252   38.0     1.00     14945  0.950
  50    0.0 4.7e-03   0.993       5.55 1.1537e-06  84.166  -4.08e+03  -84.166   0.498  0.0193   38.0     1.00     15250  0.950
  51    0.0 4.4e-03   0.960       5.49 1.1504e-06  84.560  -4.17e+03  -84.560   0.452  0.0160   38.0     1.00     15555  0.950
  52    0.0 4.2e-03   0.988       5.19 1.157e-06   77.462  -3.85e+03  -77.462   0.403  0.0185   38.0     1.00     15860  0.950
  53    0.0 4.0e-03   0.988       5.06 1.1528e-06  68.961  -3.57e+03  -68.961   0.364  0.0145   36.6     1.26     16165  0.950
  54    0.0 3.8e-03   1.004       5.20 9.9716e-07  69.169   -3.6e+03  -69.169   0.423  0.0214   33.8     1.79     16470  0.950
  55    0.0 3.6e-03   0.963       4.95 8.3173e-07  82.313  -3.94e+03  -82.313   0.354  0.0221   33.2     1.90     16775  0.950
  56    0.0 3.4e-03   1.024       5.04 7.6579e-07  75.043  -3.82e+03  -75.043   0.416  0.0206   30.4     2.44     17080  0.950
  57    0.0 3.3e-03   1.008       5.19 7.2922e-07  76.572  -3.75e+03  -76.572   0.390  0.0099   29.7     2.58     17385  0.950
  58    0.0 3.1e-03   0.961       5.08 6.6827e-07  76.631  -3.79e+03  -76.631   0.387  0.0164   28.2     2.86     17690  0.950
  59    0.0 2.9e-03   0.976       4.96 6.7182e-07  72.162  -3.76e+03  -72.162   0.357  0.0161   26.7     3.14     17995  0.950
  60    0.0 2.8e-03   0.978       4.60 6.0675e-07  70.085  -3.52e+03  -70.085   0.275  0.0222   24.5     3.56     18300  0.950
  61    0.0 2.7e-03   0.964       4.23 4.4764e-07  71.733  -3.52e+03  -71.733   0.262  0.0251   20.5     4.32     18605  0.950
  62    0.0 2.5e-03   1.008       4.19 4.3603e-07  68.949  -3.47e+03  -68.949   0.243  0.0110   16.8     5.01     18910  0.950
  63    0.0 2.4e-03   0.977       4.32 3.8105e-07  68.652   -3.4e+03  -68.652   0.298  0.0187   13.5     5.63     19215  0.950
  64    0.0 2.3e-03   1.010       4.35 4.2423e-07  62.362  -3.13e+03  -62.362   0.298  0.0070   11.6     6.00     19520  0.950
  65    0.0 2.2e-03   0.994       4.25 4.2302e-07  59.457  -3.12e+03  -59.457   0.305  0.0127    9.9     6.31     19825  0.950
  66    0.0 2.1e-03   0.991       4.13 3.5664e-07  64.347  -3.22e+03  -64.347   0.361  0.0131    8.6     6.56     20130  0.950
  67    0.0 2.0e-03   0.987       4.04 3.6289e-07  58.197  -3.05e+03  -58.197   0.262  0.0059    7.9     6.69     20435  0.950
  68    0.0 1.9e-03   0.981       3.88 3.3876e-07  59.406  -3.01e+03  -59.406   0.334  0.0110    6.5     6.96     20740  0.950
  69    0.0 1.8e-03   0.986       3.84 3.713e-07   55.395  -2.96e+03  -55.395   0.446  0.0099    5.8     7.09     21045  0.950
  70    0.0 1.7e-03   0.981       3.78 3.5297e-07  57.976  -3.11e+03  -57.976   0.331  0.0095    5.9     7.08     21350  0.950
  71    0.0 1.6e-03   0.999       3.77 3.222e-07   58.170  -2.96e+03  -58.170   0.334  0.0064    5.2     7.20     21655  0.950
  72    0.0 1.5e-03   0.995       3.77 3.081e-07   58.232     -3e+03  -58.232   0.318  0.0070    4.7     7.31     21960  0.950
  73    0.0 1.4e-03   0.987       3.66 3.194e-07   57.099  -2.96e+03  -57.099   0.367  0.0071    4.1     7.41     22265  0.950
  74    0.0 1.4e-03   0.998       3.63 2.9477e-07  57.630  -2.99e+03  -57.630   0.374  0.0018    3.8     7.47     22570  0.950
  75    0.0 1.3e-03   0.989       3.65 3.0772e-07  55.685  -2.94e+03  -55.685   0.338  0.0067    3.6     7.52     22875  0.950
  76    0.0 1.2e-03   0.984       3.55 3.0604e-07  54.536  -2.88e+03  -54.536   0.266  0.0085    3.2     7.59     23180  0.950
  77    0.0 1.2e-03   0.997       3.50 3.3222e-07  51.832  -2.79e+03  -51.832   0.341  0.0028    2.6     7.69     23485  0.950
  78    0.0 1.1e-03   0.998       3.53 3.1435e-07  54.610  -2.91e+03  -54.610   0.311  0.0029    2.4     7.74     23790  0.950
  79    0.0 1.1e-03   0.993       3.54 3.2334e-07  52.893  -2.85e+03  -52.893   0.272  0.0062    2.1     7.80     24095  0.950
  80    0.0 1.0e-03   1.001       3.47 3.4084e-07  51.271   -2.8e+03  -51.271   0.403  0.0030    1.7     7.86     24400  0.950
  81    0.0 9.5e-04   0.988       3.48 3.3911e-07  50.350  -2.77e+03  -50.350   0.380  0.0067    1.7     7.88     24705  0.950
  82    0.0 9.0e-04   0.998       3.44 3.1322e-07  51.102  -2.76e+03  -51.102   0.410  0.0051    1.6     7.89     25010  0.950
  83    0.0 8.6e-04   0.990       3.43 3.1175e-07  51.105  -2.78e+03  -51.105   0.321  0.0036    1.5     7.90     25315  0.950
  84    0.0 8.2e-04   1.001       3.42 2.8937e-07  51.478  -2.75e+03  -51.478   0.311  0.0026    1.3     7.94     25620  0.950
  85    0.0 7.7e-04   0.996       3.44 3.0103e-07  51.644  -2.77e+03  -51.644   0.321  0.0043    1.2     7.97     25925  0.950
  86    0.0 7.4e-04   0.985       3.37 2.8853e-07  51.308  -2.77e+03  -51.308   0.256  0.0087    1.0     8.00     26230  0.950
  87    0.0 7.0e-04   1.001       3.33 2.978e-07   49.938  -2.69e+03  -49.938   0.223  0.0023    1.0     8.00     26535  0.950
  88    0.0 6.6e-04   0.996       3.34 2.8359e-07  50.539  -2.72e+03  -50.539   0.226  0.0024    1.0     8.00     26840  0.950
  89    0.0 6.3e-04   0.995       3.33 2.9217e-07  49.854  -2.73e+03  -49.854   0.230  0.0023    1.0     8.00     27145  0.950
  90    0.0 6.0e-04   0.999       3.37 3.1591e-07  48.896   -2.7e+03  -48.896   0.210  0.0017    1.0     8.00     27450  0.950
  91    0.0 5.7e-04   0.996       3.34 2.8623e-07  50.076  -2.72e+03  -50.076   0.157  0.0031    1.0     8.00     27755  0.950
  92    0.0 5.4e-04   0.998       3.33 3.0644e-07  48.973   -2.7e+03  -48.973   0.213  0.0011    1.0     8.00     28060  0.950
  93    0.0 5.1e-04   1.003       3.35 3.0154e-07  48.985  -2.67e+03  -48.985   0.246  0.0016    1.0     8.00     28365  0.950
  94    0.0 4.9e-04   0.990       3.31 3.0102e-07  48.580  -2.65e+03  -48.580   0.210  0.0024    1.0     8.00     28670  0.950
  95    0.0 4.6e-04   0.990       3.30 3.0321e-07  49.874  -2.71e+03  -49.874   0.193  0.0038    1.0     8.00     28975  0.950
  96    0.0 4.4e-04   0.998       3.28 2.9524e-07  49.874   -2.7e+03  -49.874   0.151  0.0010    1.0     8.00     29280  0.950
  97    0.0 4.2e-04   0.997       3.28 3.1304e-07  47.954  -2.64e+03  -47.954   0.170  0.0014    1.0     8.00     29585  0.950
  98    0.0 4.0e-04   1.000       3.29 3.1076e-07  48.299  -2.65e+03  -48.299   0.190  0.0009    1.0     8.00     29890  0.950
  99    0.0 3.8e-04   0.998       3.29 3.055e-07   48.327  -2.64e+03  -48.327   0.154  0.0009    1.0     8.00     30195  0.950
 100    0.0 3.6e-04   0.998       3.29 3.0464e-07  48.258  -2.65e+03  -48.258   0.148  0.0013    1.0     8.00     30500  0.950
 101    0.0 2.9e-04   0.998       3.29 3.0455e-07  48.327  -2.66e+03  -48.327   0.128  0.0015    1.0     8.00     30805  0.800
 102    0.0 2.3e-04   0.999       3.29 2.9876e-07  48.299  -2.64e+03  -48.299   0.118  0.0005    1.0     8.00     31110  0.800
 103    0.0 1.8e-04   0.999       3.28 3.0026e-07  48.299  -2.64e+03  -48.299   0.098  0.0012    1.0     8.00     31415  0.800
 104    0.0 1.5e-04   0.999       3.27 3.0234e-07  48.299  -2.64e+03  -48.299   0.079  0.0003    1.0     8.00     31720  0.800
 105    0.0 1.2e-04   0.997       3.25 3.0371e-07  48.299  -2.64e+03  -48.299   0.118  0.0013    1.0     8.00     32025  0.800
 106    0.0 9.4e-05   0.998       3.24 3.0417e-07  48.327  -2.64e+03  -48.327   0.092  0.0012    1.0     8.00     32330  0.800
 107    0.0 7.5e-05   0.999       3.24 3.0171e-07  48.299  -2.63e+03  -48.299   0.049  0.0007    1.0     8.00     32635  0.800
 108    0.0 6.0e-05   1.000       3.25 2.9868e-07  48.299  -2.63e+03  -48.299   0.026  0.0000    1.0     8.00     32940  0.800
 109    0.0 0.0e+00   0.998       3.24 2.9823e-07  48.299  -2.63e+03  -48.299   0.033  0.0006    1.0     8.00     33245  0.800
## Placement Quench took 0.00 seconds (max_rss 449.8 MiB)

BB estimate of min-dist (placement) wire length: 2161

Completed placement consistency check successfully.

Swaps called: 33318

Aborted Move Reasons:
  No moves aborted

Placement estimated critical path delay (least slack): 48.2988 ns, Fmax: 20.7045 MHz
Placement estimated setup Worst Negative Slack (sWNS): -48.2988 ns
Placement estimated setup Total Negative Slack (sTNS): -2632.32 ns

Placement estimated setup slack histogram:
[ -4.8e-08: -4.4e-08) 33 ( 45.8%) |************************************************
[ -4.4e-08:   -4e-08)  7 (  9.7%) |**********
[   -4e-08: -3.6e-08)  2 (  2.8%) |***
[ -3.6e-08: -3.2e-08)  2 (  2.8%) |***
[ -3.2e-08: -2.8e-08) 12 ( 16.7%) |*****************
[ -2.8e-08: -2.4e-08)  8 ( 11.1%) |************
[ -2.4e-08:   -2e-08)  1 (  1.4%) |*
[   -2e-08: -1.6e-08)  2 (  2.8%) |***
[ -1.6e-08: -1.2e-08)  2 (  2.8%) |***
[ -1.2e-08:   -8e-09)  3 (  4.2%) |****

Placement estimated geomean non-virtual intra-domain period: 48.2988 ns (20.7045 MHz)
Placement estimated fanout-weighted geomean non-virtual intra-domain period: 48.2988 ns (20.7045 MHz)

Placement cost: 0.997531, bb_cost: 3.23416, td_cost: 2.98242e-07, 

Placement resource usage:
  PB-LOGIC   implemented as TL-LOGIC  : 52
  PB-SYN_VCC implemented as TL-SYN_VCC: 1
  PB-BIDIR   implemented as TL-BIDIR  : 18
  PB-SYN_GND implemented as TL-SYN_GND: 1
  PB-ASSP    implemented as TL-ASSP   : 1

Placement number of temperatures: 109
Placement total # of swap attempts: 33318
	Swaps accepted: 16909 (50.8 %)
	Swaps rejected: 14682 (44.1 %)
	Swaps aborted :  1727 ( 5.2 %)
Placement Quench timing analysis took 0.000445417 seconds (0.000370782 STA, 7.4635e-05 slack) (1 full updates: 1 setup, 0 hold, 0 combined).
Placement Total  timing analysis took 0.0555863 seconds (0.0457232 STA, 0.00986311 slack) (111 full updates: 111 setup, 0 hold, 0 combined).
update_td_costs: connections 0 nets 0 sum_nets 0 total 0
Incr Slack updates 111 in 0.00257833 sec
Full Max Req/Worst Slack updates 87 in 0.000893955 sec
Incr Max Req/Worst Slack updates 24 in 0.000245625 sec
Incr Criticality updates 6 in 0.000197709 sec
Full Criticality updates 105 in 0.00379485 sec
# Placement took 3.21 seconds (max_rss 449.8 MiB, delta_rss +57.2 MiB)

Flow timing analysis took 0.0555863 seconds (0.0457232 STA, 0.00986311 slack) (111 full updates: 111 setup, 0 hold, 0 combined).
VPR succeeded
The entire flow of VPR took 75.60 seconds (max_rss 449.8 MiB)
