VPR FPGA Placement and Routing.
Version: 8.1.0-dev+dadca7ecf
Revision: v8.0.0-rc2-2909-gdadca7ecf
Compiled: 2023-06-27T06:19:09
Compiler: GNU 10.2.1 on Linux-6.2.1-PRoot-Distro aarch64
Build Info: release IPO VTR_ASSERT_LEVEL=2

University of Toronto
verilogtorouting.org
vtr-users@googlegroups.com
This is free open source code under MIT license.

VPR was run with the following command-line:
vpr /data/data/com.termux/files/home/symbiflow/quicklogic-arch-defs/share/arch/ql-eos-s3_wlcsp/arch.timing.xml helloworldfpga.eblif --device ql-eos-s3 --max_router_iterations 500 --routing_failure_predictor off --router_high_fanout_threshold -1 --constant_net_method route --route_chan_width 100 --clock_modeling route --place_delay_model delta_override --router_lookahead map --check_route quick --strict_checks off --allow_dangling_combinational_nodes on --disable_errors check_unbuffered_edges:check_route --congested_routing_iteration_threshold 0.8 --incremental_reroute_delay_ripup off --base_cost_type delay_normalized_length_bounded --bb_factor 10 --initial_pres_fac 4.0 --check_rr_graph off --suppress_warnings ,sum_pin_class:check_unbuffered_edges:load_rr_indexed_data_T_values:check_rr_node:trans_per_R:check_route:set_rr_graph_tool_comment:warn_model_missing_timing --read_rr_graph /data/data/com.termux/files/home/symbiflow/quicklogic-arch-defs/share/arch/ql-eos-s3_wlcsp/rr_graph_ql-eos-s3_wlcsp.rr_graph.real.bin --read_placement_delay_lookup /data/data/com.termux/files/home/symbiflow/quicklogic-arch-defs/share/arch/ql-eos-s3_wlcsp/rr_graph_ql-eos-s3_wlcsp.place_delay.bin --sdc_file /data/data/com.termux/files/home/fpga-examples/blink/build/helloworldfpga_dummy.sdc --route


Architecture file: /data/data/com.termux/files/home/symbiflow/quicklogic-arch-defs/share/arch/ql-eos-s3_wlcsp/arch.timing.xml
Circuit name: helloworldfpga

# Loading Architecture Description
# Loading Architecture Description took 0.85 seconds (max_rss 27.8 MiB, delta_rss +24.0 MiB)
# Building complex block graph
# Building complex block graph took 0.24 seconds (max_rss 34.6 MiB, delta_rss +6.8 MiB)
# Load circuit
# Load circuit took 0.03 seconds (max_rss 36.2 MiB, delta_rss +1.6 MiB)
# Clean circuit
Absorbed 906 LUT buffers
Inferred  106 additional primitive pins as constant generators since they have no combinationally connected inputs
Inferred   40 additional primitive pins as constant generators due to constant inputs
Inferred    0 additional primitive pins as constant generators since they have no combinationally connected inputs
Inferred    0 additional primitive pins as constant generators due to constant inputs
Inferred    0 additional primitive pins as constant generators since they have no combinationally connected inputs
Inferred    0 additional primitive pins as constant generators due to constant inputs
Swept input(s)      : 0
Swept output(s)     : 0 (0 dangling, 0 constant)
Swept net(s)        : 141
Swept block(s)      : 1
Constant Pins Marked: 146
# Clean circuit took 0.01 seconds (max_rss 36.5 MiB, delta_rss +0.3 MiB)
# Compress circuit
# Compress circuit took 0.00 seconds (max_rss 36.5 MiB, delta_rss +0.0 MiB)
# Verify circuit
# Verify circuit took 0.00 seconds (max_rss 36.5 MiB, delta_rss +0.0 MiB)
Circuit Statistics:
  Blocks: 164
    .input    :       1
    .output   :      17
    ASSP      :       1
    BIDIR_CELL:      18
    C_FRAG    :      14
    GND       :       1
    Q_FRAG    :      41
    T_FRAG    :      70
    VCC       :       1
  Nets  : 147
    Avg Fanout:     8.1
    Max Fanout:   529.0
    Min Fanout:     1.0
  Netlist Clocks: 1
# Build Timing Graph
  Timing Graph Nodes: 1338
  Timing Graph Edges: 2104
  Timing Graph Levels: 22
# Build Timing Graph took 0.00 seconds (max_rss 36.5 MiB, delta_rss +0.0 MiB)
Netlist contains 1 clocks
  Netlist Clock 'clk' Fanout: 41 pins (3.1%), 41 blocks (25.0%)
# Load Timing Constraints

SDC file '/data/data/com.termux/files/home/fpga-examples/blink/build/helloworldfpga_dummy.sdc' contained no SDC commands
Setting default timing constraints:
   * constrain all primay inputs and primary outputs on netlist clock 'clk'
   * optimize netlist clock to run as fast as possible
Timing constraints created 1 clocks
  Constrained Clock 'clk' Source: 'u_qlal4s3b_cell_macro.Sys_Clk0[0]'

# Load Timing Constraints took 0.00 seconds (max_rss 36.5 MiB, delta_rss +0.0 MiB)
Timing analysis: ON
Circuit netlist file: helloworldfpga.net
Circuit placement file: helloworldfpga.place
Circuit routing file: helloworldfpga.route
Circuit SDC file: /data/data/com.termux/files/home/fpga-examples/blink/build/helloworldfpga_dummy.sdc

Packer: ENABLED
Placer: ENABLED
Router: ENABLED
Analysis: ENABLED

NetlistOpts.abosrb_buffer_luts            : true
NetlistOpts.sweep_dangling_primary_ios    : true
NetlistOpts.sweep_dangling_nets           : true
NetlistOpts.sweep_dangling_blocks         : true
NetlistOpts.sweep_constant_primary_outputs: false
NetlistOpts.netlist_verbosity             : 1
NetlistOpts.const_gen_inference           : COMB_SEQ

PackerOpts.allow_unrelated_clustering: auto
PackerOpts.alpha_clustering: 0.750000
PackerOpts.beta_clustering: 0.900000
PackerOpts.cluster_seed_type: BLEND2
PackerOpts.connection_driven: true
PackerOpts.global_clocks: true
PackerOpts.hill_climbing_flag: false
PackerOpts.inter_cluster_net_delay: 1.000000
PackerOpts.timing_driven: true
PackerOpts.target_external_pin_util: auto

PlacerOpts.place_freq: PLACE_ONCE
PlacerOpts.place_algorithm: CRITICALITY_TIMING_PLACE
PlacerOpts.pad_loc_type: FREE
PlacerOpts.constraints_file: No constraints file given
PlacerOpts.place_cost_exp: 1.000000
PlacerOpts.place_chan_width: 100
PlacerOpts.inner_loop_recompute_divider: 0
PlacerOpts.recompute_crit_iter: 1
PlacerOpts.timing_tradeoff: 0.500000
PlacerOpts.td_place_exp_first: 1.000000
PlacerOpts.td_place_exp_last: 8.000000
PlacerOpts.delay_offset: 0.000000
PlacerOpts.delay_ramp_delta_threshold: -1
PlacerOpts.delay_ramp_slope: 0.000000
PlacerOpts.tsu_rel_margin: 1.000000
PlacerOpts.tsu_abs_margin: 0.000000
PlacerOpts.post_place_timing_report_file: 
PlacerOpts.allowed_tiles_for_delay_model: 
PlacerOpts.delay_model_reducer: MIN
PlacerOpts.delay_model_type: DELTA_OVERRIDE
PlacerOpts.rlim_escape_fraction: 0.000000
PlacerOpts.move_stats_file: 
PlacerOpts.placement_saves_per_temperature: 0
PlacerOpts.effort_scaling: CIRCUIT
PlacerOpts.place_delta_delay_matrix_calculation_method: ASTAR_ROUTE
PlaceOpts.seed: 1
AnnealSched.type: AUTO_SCHED
AnnealSched.inner_num: 1.000000

RouterOpts.route_type: DETAILED
RouterOpts.router_algorithm: TIMING_DRIVEN
RouterOpts.base_cost_type: DELAY_NORMALIZED_LENGTH_BOUNDED
RouterOpts.fixed_channel_width: 100
RouterOpts.check_route: QUICK
RouterOpts.trim_empty_chan: false
RouterOpts.trim_obs_chan: false
RouterOpts.acc_fac: 1.000000
RouterOpts.bb_factor: 10
RouterOpts.bend_cost: 0.000000
RouterOpts.first_iter_pres_fac: 0.000000
RouterOpts.initial_pres_fac: 4.000000
RouterOpts.pres_fac_mult: 1.300000
RouterOpts.max_router_iterations: 500
RouterOpts.min_incremental_reroute_fanout: 16
RouterOpts.do_check_rr_graph: false
RouterOpts.verify_binary_search: false
RouterOpts.min_channel_width_hint: 0
RouterOpts.read_rr_edge_metadata: false
RouterOpts.exit_after_first_routing_iteration: false
RouterOpts.astar_fac: 1.200000
RouterOpts.criticality_exp: 1.000000
RouterOpts.max_criticality: 0.990000
RouterOpts.init_wirelength_abort_threshold: 0.850000
RouterOpts.save_routing_per_iteration: false
RouterOpts.congested_routing_iteration_threshold_frac: 0.800000
RouterOpts.high_fanout_threshold: -1
RouterOpts.router_debug_net: -2
RouterOpts.router_debug_sink_rr: -2
RouterOpts.router_debug_iteration: -2
RouterOpts.max_convergence_count: 1
RouterOpts.reconvergence_cpd_threshold: 0.990000
RouterOpts.update_lower_bound_delays: true
RouterOpts.first_iteration_timing_report_file: 
RouterOpts.incr_reroute_delay_ripup: OFF
RouterOpts.route_bb_update: DYNAMIC
RouterOpts.lookahead_type: MAP
RouterOpts.initial_timing: LOOKAHEAD
RouterOpts.router_heap: BINARY_HEAP
RouterOpts.routing_failure_predictor = OFF
RouterOpts.routing_budgets_algorithm = DISABLE

AnalysisOpts.gen_post_synthesis_netlist: false
AnalysisOpts.timing_report_npaths: 100
AnalysisOpts.timing_report_skew: false
AnalysisOpts.echo_dot_timing_graph_node: -1
AnalysisOpts.timing_report_detail: NETLIST

RoutingArch.directionality: BI_DIRECTIONAL
RoutingArch.switch_block_type: WILTON
RoutingArch.Fs: 3

# Load Packing
Begin loading packed FPGA netlist file.
Netlist generated from file 'helloworldfpga.net'.
Detected 2 constant generators (to see names run with higher pack verbosity)
Finished loading packed FPGA netlist file (took 0.065223 seconds).
# Load Packing took 0.07 seconds (max_rss 37.7 MiB, delta_rss +1.3 MiB)
Warning 1: Netlist contains 0 global net to non-global architecture pin connections
Warning 2: Logic block #71 ($false) has only 1 output pin '$false.GND0_GND[0]'. It may be a constant generator.
Warning 3: Logic block #72 ($true) has only 1 output pin '$true.VCC0_VCC[0]'. It may be a constant generator.

Netlist num_nets: 93
Netlist num_blocks: 73
Netlist EMPTY blocks: 0.
Netlist PB-GMUX blocks: 0.
Netlist PB-LOGIC blocks: 52.
Netlist PB-CLOCK blocks: 0.
Netlist PB-MULT blocks: 0.
Netlist PB-SDIOMUX blocks: 0.
Netlist PB-RAM blocks: 0.
Netlist PB-SYN_VCC blocks: 1.
Netlist PB-BIDIR blocks: 18.
Netlist PB-SYN_GND blocks: 1.
Netlist PB-ASSP blocks: 1.
Netlist inputs pins: 1
Netlist output pins: 53


Pb types usage...
  PB-LOGIC          : 52
   LOGIC            : 52
    FRAGS           : 52
     c_frag_modes   : 50
      SINGLE        : 14
       c_frag       : 14
      SPLIT         : 36
       b_frag       : 36
       t_frag       : 34
     q_frag_modes   : 41
      INT           : 36
       q_frag       : 36
      EXT           : 5
       q_frag       : 5
  PB-SYN_VCC        : 1
   VCC              : 1
  PB-BIDIR          : 18
   BIDIR            : 18
    INPUT           : 1
     bidir          : 1
     inpad          : 1
    OUTPUT          : 17
     bidir          : 17
     outpad         : 17
  PB-SYN_GND        : 1
   GND              : 1
  PB-ASSP           : 1
   ASSP             : 1

# Create Device
## Build Device Grid
FPGA sized to 39 x 35: 1365 grid tiles (ql-eos-s3)

Resource usage...
	Netlist
		0	blocks of type: PB-GMUX
	Architecture
		5	blocks of type: TL-GMUX
	Netlist
		52	blocks of type: PB-LOGIC
	Architecture
		891	blocks of type: TL-LOGIC
	Netlist
		0	blocks of type: PB-CLOCK
	Architecture
		5	blocks of type: TL-CLOCK
	Netlist
		0	blocks of type: PB-MULT
	Architecture
		2	blocks of type: TL-MULT
	Netlist
		0	blocks of type: PB-SDIOMUX
	Architecture
		14	blocks of type: TL-SDIOMUX
	Netlist
		0	blocks of type: PB-RAM
	Architecture
		4	blocks of type: TL-RAM
	Netlist
		1	blocks of type: PB-SYN_VCC
	Architecture
		1	blocks of type: TL-SYN_VCC
	Netlist
		18	blocks of type: PB-BIDIR
	Architecture
		32	blocks of type: TL-BIDIR
	Netlist
		1	blocks of type: PB-SYN_GND
	Architecture
		1	blocks of type: TL-SYN_GND
	Netlist
		1	blocks of type: PB-ASSP
	Architecture
		1	blocks of type: TL-ASSP

Device Utilization: 0.05 (target 1.00)
	Physical Tile TL-LOGIC:
	Block Utilization: 0.06 Logical Block: PB-LOGIC
	Physical Tile TL-RAM:
	Block Utilization: 0.00 Logical Block: PB-RAM
	Physical Tile TL-MULT:
	Block Utilization: 0.00 Logical Block: PB-MULT
	Physical Tile TL-BIDIR:
	Block Utilization: 0.56 Logical Block: PB-BIDIR
	Physical Tile TL-CLOCK:
	Block Utilization: 0.00 Logical Block: PB-CLOCK
	Physical Tile TL-SDIOMUX:
	Block Utilization: 0.00 Logical Block: PB-SDIOMUX
	Physical Tile TL-GMUX:
	Block Utilization: 0.00 Logical Block: PB-GMUX
	Physical Tile TL-ASSP:
	Block Utilization: 1.00 Logical Block: PB-ASSP
	Physical Tile TL-SYN_VCC:
	Block Utilization: 1.00 Logical Block: PB-SYN_VCC
	Physical Tile TL-SYN_GND:
	Block Utilization: 1.00 Logical Block: PB-SYN_GND

## Build Device Grid took 0.01 seconds (max_rss 37.9 MiB, delta_rss +0.0 MiB)
## Loading routing resource graph


## Loading routing resource graph took 1.20 seconds (max_rss 345.1 MiB, delta_rss +307.1 MiB)
  RR Graph Nodes: 1396446
  RR Graph Edges: 2337988
# Create Device took 4.79 seconds (max_rss 392.6 MiB, delta_rss +354.7 MiB)

# Load Placement
Reading helloworldfpga.place.

Successfully read helloworldfpga.place.

# Load Placement took 0.00 seconds (max_rss 392.6 MiB, delta_rss +0.0 MiB)

# Computing router lookahead map
## Computing wire lookahead
Warning 4: Unable to find any sample location for segment CHANX type 'generic' (length 1)
Warning 5: Unable to find any sample location for segment CHANY type 'generic' (length 1)
Warning 6: Unable to find any sample location for segment CHANX type 'pad' (length 1)
Warning 7: Unable to find any sample location for segment CHANY type 'pad' (length 1)
## Computing wire lookahead took 63.77 seconds (max_rss 392.6 MiB, delta_rss +0.0 MiB)
## Computing src/opin lookahead
## Computing src/opin lookahead took 0.00 seconds (max_rss 392.6 MiB, delta_rss +0.0 MiB)
# Computing router lookahead map took 63.77 seconds (max_rss 392.6 MiB, delta_rss +0.0 MiB)
# Routing
  RR Graph Nodes: 1396446
  RR Graph Edges: 2337988
Confirming router algorithm: TIMING_DRIVEN.
## Initializing router criticalities
Initial Net Connection Criticality Histogram:
[        0:      0.1) 722 ( 65.5%) |***********************************************
[      0.1:      0.2)   0 (  0.0%) |
[      0.2:      0.3)  48 (  4.4%) |***
[      0.3:      0.4)  38 (  3.4%) |**
[      0.4:      0.5)  11 (  1.0%) |*
[      0.5:      0.6)  56 (  5.1%) |****
[      0.6:      0.7)  47 (  4.3%) |***
[      0.7:      0.8)  50 (  4.5%) |***
[      0.8:      0.9)  24 (  2.2%) |**
[      0.9:        1) 107 (  9.7%) |*******
## Initializing router criticalities took 0.01 seconds (max_rss 451.1 MiB, delta_rss +0.0 MiB)
---- ------ ------- ---- ------- ------- ------- ----------------- --------------- -------- ---------- ---------- ---------- ---------- --------
Iter   Time    pres  BBs    Heap  Re-Rtd  Re-Rtd Overused RR Nodes      Wirelength      CPD       sTNS       sWNS       hTNS       hWNS Est Succ
      (sec)     fac Updt    push    Nets   Conns                                       (ns)       (ns)       (ns)       (ns)       (ns)     Iter
---- ------ ------- ---- ------- ------- ------- ----------------- --------------- -------- ---------- ---------- ---------- ---------- --------
   1   24.6     0.0    0 3.2e+07      93    1103    1536 ( 0.110%)   27853 ( 2.0%)   55.240     -2909.    -55.240      0.000      0.000      N/A
   2   20.1     4.0    0 2.4e+07      83     734     601 ( 0.043%)   28634 ( 2.0%)   55.279     -2917.    -55.279      0.000      0.000      N/A
   3   16.3     5.2    0 1.9e+07      66     456     358 ( 0.026%)   28618 ( 2.0%)   55.301     -2925.    -55.301      0.000      0.000      N/A
   4   10.9     6.8    0 1.3e+07      45     318     267 ( 0.019%)   29018 ( 2.1%)   55.359     -2926.    -55.359      0.000      0.000      N/A
   5   10.2     8.8    0 1.1e+07      32     221     136 ( 0.010%)   29112 ( 2.1%)   55.378     -2931.    -55.378      0.000      0.000      N/A
   6    9.6    11.4    0 1.1e+07      29     170      96 ( 0.007%)   29195 ( 2.1%)   55.337     -2930.    -55.337      0.000      0.000      N/A
   7    5.0    14.9    0 5784653      19     120      45 ( 0.003%)   29444 ( 2.1%)   55.376     -2931.    -55.376      0.000      0.000      N/A
   8    2.3    19.3    0 2722031       9      41      21 ( 0.002%)   29594 ( 2.1%)   55.340     -2931.    -55.340      0.000      0.000      N/A
   9    1.4    25.1    0 1735636       5      13      12 ( 0.001%)   29622 ( 2.1%)   55.340     -2932.    -55.340      0.000      0.000      N/A
  10    0.8    32.6    0 1057723       5      13      12 ( 0.001%)   29620 ( 2.1%)   55.438     -2935.    -55.438      0.000      0.000       13
  11    0.7    42.4    0  822420       5      12       3 ( 0.000%)   29660 ( 2.1%)   55.438     -2936.    -55.438      0.000      0.000       14
  12    0.1    55.1    0   32606       1       1       0 ( 0.000%)   29657 ( 2.1%)   55.438     -2936.    -55.438      0.000      0.000       13
Restoring best routing
Critical path: 55.4377 ns
Successfully routed after 12 routing iterations.
Final Net Connection Criticality Histogram:
[        0:      0.1) 722 ( 65.5%) |***********************************************
[      0.1:      0.2)   0 (  0.0%) |
[      0.2:      0.3)  48 (  4.4%) |***
[      0.3:      0.4)  51 (  4.6%) |***
[      0.4:      0.5)  18 (  1.6%) |*
[      0.5:      0.6)  33 (  3.0%) |**
[      0.6:      0.7)  68 (  6.2%) |****
[      0.7:      0.8)  39 (  3.5%) |***
[      0.8:      0.9)  30 (  2.7%) |**
[      0.9:        1)  94 (  8.5%) |******
Router Stats: total_nets_routed: 392 total_connections_routed: 3202 total_heap_pushes: 120856389 total_heap_pops: 104408187
# Routing took 104.76 seconds (max_rss 451.1 MiB, delta_rss +58.5 MiB)

Checking to ensure routing is legal...
Completed routing consistency check successfully.

Serial number (magic cookie) for the routing is: -83408120
Circuit successfully routed with a channel width factor of 100.

Incr Slack updates 13 in 0.000482187 sec
Full Max Req/Worst Slack updates 3 in 3.9741e-05 sec
Incr Max Req/Worst Slack updates 10 in 0.000122918 sec
Incr Criticality updates 3 in 0.000100782 sec
Full Criticality updates 10 in 0.000393906 sec

Average number of bends per net: 263.774  Maximum # of bends: 6441

Number of global nets: 0
Number of routed nets (nonglobal): 93
Wire length results (in units of 1 clb segments)...
	Total wirelength: 28316, average net length: 304.473
	Maximum net length: 8550

Wire length results in terms of physical segments...
	Total wiring segments used: 25395, average wire segments per net: 273.065
	Maximum segments used by a net: 6833
	Total local nets with reserved CLB opins: 0

Routing channel utilization histogram:
[        1:      inf)    0 (  0.0%) |
[      0.9:        1)   50 (  1.9%) |*
[      0.8:      0.9)    0 (  0.0%) |
[      0.7:      0.8)    6 (  0.2%) |
[      0.5:      0.6)    0 (  0.0%) |
[      0.4:      0.5)    0 (  0.0%) |
[      0.3:      0.4)    2 (  0.1%) |
[      0.2:      0.3)   84 (  3.3%) |**
[      0.1:      0.2)   50 (  1.9%) |*
[        0:      0.1) 2392 ( 92.6%) |**********************************************
Maximum routing channel utilization:         1 at (1,3)

X - Directed channels:   j max occ ave occ capacity
                      ---- ------- ------- --------
                         0       2   1.128        2
                         1     161  10.026      221
                         2       0   0.000        0
                         3      91  24.538      635
                         4      68   3.282      623
                         5      71   3.026      658
                         6      78   2.000      623
                         7      85   6.513      623
                         8      28   2.026      623
                         9     189  16.744      623
                        10     187  12.410      665
                        11     199  21.231      623
                        12     176  15.615      647
                        13     237  20.974      623
                        14     211  31.692      623
                        15     225  58.897      623
                        16     225  53.231      623
                        17     200  28.769      623
                        18     174  20.128      725
                        19     148   7.769      623
                        20       7   0.538      623
                        21       0   0.000      623
                        22      10   0.256      623
                        23       7   0.897      623
                        24       7   0.359      623
                        25      12   1.000      657
                        26       7   0.179      634
                        27      10   1.154      623
                        28      19   1.154      623
                        29       0   0.000      624
                        30       0   0.000      625
                        31       7   0.718      626
                        32      40   7.051      786
                        33       0   0.000      269
Y - Directed channels:   i max occ ave occ capacity
                      ---- ------- ------- --------
                         0       0   0.000        2
                         1      47   4.057      287
                         2       1   0.029        4
                         3     177  55.629      848
                         4      36   1.686      874
                         5      54   2.771      819
                         6      53   7.000      760
                         7      46   4.371      761
                         8      29   2.457      761
                         9      46   4.457      761
                        10     164  20.971      757
                        11     225  36.800      775
                        12     214  25.743      757
                        13     205  16.771      761
                        14     168  22.686      761
                        15     215  47.143      761
                        16     201  51.886      761
                        17     187  14.600      761
                        18     200  20.257      761
                        19     199  19.486      816
                        20     200  27.514      761
                        21     169  20.057      883
                        22      30   4.171      761
                        23       0   0.000      761
                        24      30   4.800      761
                        25       0   0.000      761
                        26       0   0.000      757
                        27       0   0.000      775
                        28       0   0.000      757
                        29       0   0.000      761
                        30       0   0.000      761
                        31       0   0.000      761
                        32       0   0.000      761
                        33       0   0.000      763
                        34       0   0.000      762
                        35       0   0.000      764
                        36       0   0.000     1024
                        37       0   0.000      164

Total tracks in x-direction: 19611, in y-direction: 27046

Logic area (in minimum width transistor areas, excludes I/Os and empty grid tiles)...
	Total logic block area (Warning, need to add pitch of routing to blocks with height > 3): 1.3515e+07
	Total used logic block area: 825000

Routing area (in minimum width transistor areas)...
	Assuming no buffer sharing (pessimistic). Total: 1.07847e+09, per logic tile: 790090.
	Assuming buffer sharing (slightly optimistic). Total: 8.38760e+08, per logic tile: 614476.


Segment usage by type (index):    name type utilization
                               ------- ---- -----------
                                  sbox    2      0.0161
                                   vcc    3        0.15
                                   gnd    4       0.158
                                  hop1    5      0.0186
                                  hop2    6      0.0267
                                  hop3    7           0
                                  hop4    8      0.0281
                                 clock    9           0
                               special   10      0.0828

Segment usage by length: length utilization
                         ------ -----------
                              1      0.0169
                              2      0.0267
                              3           0
                              4      0.0281


Final hold Worst Negative Slack (hWNS): 0 ns
Final hold Total Negative Slack (hTNS): 0 ns

Final hold slack histogram:
[    2e-09:    5e-09) 24 ( 33.3%) |************************************************
[    5e-09:  8.1e-09)  7 (  9.7%) |**************
[  8.1e-09:  1.1e-08)  6 (  8.3%) |************
[  1.1e-08:  1.4e-08) 10 ( 13.9%) |********************
[  1.4e-08:  1.7e-08)  8 ( 11.1%) |****************
[  1.7e-08:    2e-08)  0 (  0.0%) |
[    2e-08:  2.3e-08)  0 (  0.0%) |
[  2.3e-08:  2.6e-08)  1 (  1.4%) |**
[  2.6e-08:  2.9e-08)  5 (  6.9%) |**********
[  2.9e-08:  3.3e-08) 11 ( 15.3%) |**********************

Final critical path delay (least slack): 55.4016 ns, Fmax: 18.05 MHz
Final setup Worst Negative Slack (sWNS): -55.4016 ns
Final setup Total Negative Slack (sTNS): -2934.14 ns

Final setup slack histogram:
[ -5.5e-08: -5.1e-08) 23 ( 31.9%) |************************************************
[ -5.1e-08: -4.6e-08) 17 ( 23.6%) |***********************************
[ -4.6e-08: -4.1e-08)  2 (  2.8%) |****
[ -4.1e-08: -3.6e-08)  2 (  2.8%) |****
[ -3.6e-08: -3.2e-08)  6 (  8.3%) |*************
[ -3.2e-08: -2.7e-08) 11 ( 15.3%) |***********************
[ -2.7e-08: -2.2e-08)  4 (  5.6%) |********
[ -2.2e-08: -1.8e-08)  2 (  2.8%) |****
[ -1.8e-08: -1.3e-08)  3 (  4.2%) |******
[ -1.3e-08:   -8e-09)  2 (  2.8%) |****

Final geomean non-virtual intra-domain period: 55.4016 ns (18.05 MHz)
Final fanout-weighted geomean non-virtual intra-domain period: 55.4016 ns (18.05 MHz)

Incr Slack updates 1 in 5.4271e-05 sec
Full Max Req/Worst Slack updates 1 in 1.6146e-05 sec
Incr Max Req/Worst Slack updates 0 in 0 sec
Incr Criticality updates 0 in 0 sec
Full Criticality updates 1 in 5.0677e-05 sec
Flow timing analysis took 0.0257923 seconds (0.0236222 STA, 0.00217005 slack) (14 full updates: 0 setup, 0 hold, 14 combined).
VPR succeeded
The entire flow of VPR took 174.90 seconds (max_rss 451.1 MiB)
